Build started 2017/7/12 23:54:42.
     1>Project "D:\practice\cplusplus\SeqList\SeqList\SeqList.vcxproj" on node 2 (build target(s)).
     1>InitializeBuildStatus:
         Creating "Debug\SeqList.unsuccessfulbuild" because "AlwaysCreate" was specified.
       ClCompile:
         E:\Program Files (x86)\Microsoft Visual Studio 10.0\VC\bin\CL.exe /c /ZI /nologo /W3 /WX- /Od /Oy- /D WIN32 /D _DEBUG /D _CONSOLE /D _UNICODE /D UNICODE /Gm /EHsc /RTC1 /MDd /GS /fp:precise /Zc:wchar_t /Zc:forScope /Fo"Debug\\" /Fd"Debug\vc100.pdb" /Gd /TC /analyze- /errorReport:prompt seqlist.c
         seqlist.c
       ManifestResourceCompile:
         All outputs are up-to-date.
       Link:
         E:\Program Files (x86)\Microsoft Visual Studio 10.0\VC\bin\link.exe /ERRORREPORT:PROMPT /OUT:"D:\practice\cplusplus\SeqList\Debug\SeqList.exe" /INCREMENTAL /NOLOGO kernel32.lib user32.lib gdi32.lib winspool.lib comdlg32.lib advapi32.lib shell32.lib ole32.lib oleaut32.lib uuid.lib odbc32.lib odbccp32.lib /MANIFEST /ManifestFile:"Debug\SeqList.exe.intermediate.manifest" /MANIFESTUAC:"level='asInvoker' uiAccess='false'" /DEBUG /PDB:"D:\practice\cplusplus\SeqList\Debug\SeqList.pdb" /SUBSYSTEM:CONSOLE /TLBID:1 /DYNAMICBASE /NXCOMPAT /IMPLIB:"D:\practice\cplusplus\SeqList\Debug\SeqList.lib" /MACHINE:X86 Debug\SeqList.exe.embed.manifest.res
         Debug\seqlist.obj
         Debug\test.obj
       Manifest:
         C:\Program Files (x86)\Microsoft SDKs\Windows\v7.0A\bin\mt.exe /nologo /verbose /out:"Debug\SeqList.exe.embed.manifest" /manifest Debug\SeqList.exe.intermediate.manifest
         All outputs are up-to-date.
       LinkEmbedManifest:
         All outputs are up-to-date.
         SeqList.vcxproj -> D:\practice\cplusplus\SeqList\Debug\SeqList.exe
       FinalizeBuildStatus:
         Deleting file "Debug\SeqList.unsuccessfulbuild".
         Touching "Debug\SeqList.lastbuildstate".
     1>Done Building Project "D:\practice\cplusplus\SeqList\SeqList\SeqList.vcxproj" (build target(s)).

Build succeeded.

Time Elapsed 00:00:01.13
